# JRE version: Java(TM) SE Runtime Environment (8.0_77-b03) (build 1.8.0_77-b03)
# Java VM: Java HotSpot(TM) 64-Bit Server VM (25.77-b03 mixed mode windows-amd64 compressed oops)
Heap:
 PSYoungGen      total 473088K, used 9588K [0x00000000d5d00000, 0x00000000ffe00000, 0x0000000100000000)
  eden space 334336K, 2% used [0x00000000d5d00000,0x00000000d665d190,0x00000000ea380000)
  from space 138752K, 0% used [0x00000000f2b80000,0x00000000f2b80000,0x00000000fb300000)
  to   space 139264K, 0% used [0x00000000ea380000,0x00000000ea380000,0x00000000f2b80000)
 ParOldGen       total 165376K, used 45094K [0x0000000081600000, 0x000000008b780000, 0x00000000d5d00000)
  object space 165376K, 27% used [0x0000000081600000,0x0000000084209a80,0x000000008b780000)
 Metaspace       used 129124K, capacity 130746K, committed 154412K, reserved 1183744K
  class space    used 16602K, capacity 17115K, committed 21080K, reserved 1048576K
GC Heap History (10 events):
Event: 3895.983 GC heap before
{Heap before GC invocations=31 (full 4):
 PSYoungGen      total 484864K, used 447217K [0x00000000d5d00000, 0x00000000fc500000, 0x0000000100000000)
  eden space 376832K, 100% used [0x00000000d5d00000,0x00000000ecd00000,0x00000000ecd00000)
  from space 108032K, 65% used [0x00000000f5b80000,0x00000000fa03c668,0x00000000fc500000)
  to   space 126976K, 0% used [0x00000000ecd00000,0x00000000ecd00000,0x00000000f4900000)
 ParOldGen       total 173568K, used 56820K [0x0000000081600000, 0x000000008bf80000, 0x00000000d5d00000)
  object space 173568K, 32% used [0x0000000081600000,0x0000000084d7d278,0x000000008bf80000)
 Metaspace       used 147960K, capacity 150210K, committed 151512K, reserved 1181696K
  class space    used 19260K, capacity 19838K, committed 19928K, reserved 1048576K
Event: 3896.092 GC heap after
Heap after GC invocations=31 (full 4):
 PSYoungGen      total 459776K, used 97705K [0x00000000d5d00000, 0x00000000fc380000, 0x0000000100000000)
  eden space 361984K, 0% used [0x00000000d5d00000,0x00000000d5d00000,0x00000000ebe80000)
  from space 97792K, 99% used [0x00000000ecd00000,0x00000000f2c6a508,0x00000000f2c80000)
  to   space 133632K, 0% used [0x00000000f4100000,0x00000000f4100000,0x00000000fc380000)
 ParOldGen       total 173568K, used 56828K [0x0000000081600000, 0x000000008bf80000, 0x00000000d5d00000)
  object space 173568K, 32% used [0x0000000081600000,0x0000000084d7f278,0x000000008bf80000)
 Metaspace       used 147960K, capacity 150210K, committed 151512K, reserved 1181696K
  class space    used 19260K, capacity 19838K, committed 19928K, reserved 1048576K
}
Event: 4074.605 GC heap before
{Heap before GC invocations=32 (full 4):
 PSYoungGen      total 459776K, used 459689K [0x00000000d5d00000, 0x00000000fc380000, 0x0000000100000000)
  eden space 361984K, 100% used [0x00000000d5d00000,0x00000000ebe80000,0x00000000ebe80000)
  from space 97792K, 99% used [0x00000000ecd00000,0x00000000f2c6a508,0x00000000f2c80000)
  to   space 133632K, 0% used [0x00000000f4100000,0x00000000f4100000,0x00000000fc380000)
 ParOldGen       total 173568K, used 56829K [0x0000000081600000, 0x000000008bf80000, 0x00000000d5d00000)
  object space 173568K, 32% used [0x0000000081600000,0x0000000084d7f400,0x000000008bf80000)
 Metaspace       used 150185K, capacity 152526K, committed 153816K, reserved 1183744K
  class space    used 19528K, capacity 20098K, committed 20184K, reserved 1048576K
Event: 4074.669 GC heap after
Heap after GC invocations=32 (full 4):
 PSYoungGen      total 459776K, used 51295K [0x00000000d5d00000, 0x00000000fae00000, 0x0000000100000000)
  eden space 348160K, 0% used [0x00000000d5d00000,0x00000000d5d00000,0x00000000eb100000)
  from space 111616K, 45% used [0x00000000f4100000,0x00000000f7317de0,0x00000000fae00000)
  to   space 129536K, 0% used [0x00000000eb100000,0x00000000eb100000,0x00000000f2f80000)
 ParOldGen       total 173568K, used 56837K [0x0000000081600000, 0x000000008bf80000, 0x00000000d5d00000)
  object space 173568K, 32% used [0x0000000081600000,0x0000000084d81400,0x000000008bf80000)
 Metaspace       used 150185K, capacity 152526K, committed 153816K, reserved 1183744K
  class space    used 19528K, capacity 20098K, committed 20184K, reserved 1048576K
}
Event: 4352.714 GC heap before
{Heap before GC invocations=33 (full 4):
 PSYoungGen      total 459776K, used 399455K [0x00000000d5d00000, 0x00000000fae00000, 0x0000000100000000)
  eden space 348160K, 100% used [0x00000000d5d00000,0x00000000eb100000,0x00000000eb100000)
  from space 111616K, 45% used [0x00000000f4100000,0x00000000f7317de0,0x00000000fae00000)
  to   space 129536K, 0% used [0x00000000eb100000,0x00000000eb100000,0x00000000f2f80000)
 ParOldGen       total 173568K, used 56838K [0x0000000081600000, 0x000000008bf80000, 0x00000000d5d00000)
  object space 173568K, 32% used [0x0000000081600000,0x0000000084d81b60,0x000000008bf80000)
 Metaspace       used 156651K, capacity 159086K, committed 160556K, reserved 1189888K
  class space    used 20439K, capacity 21042K, committed 21080K, reserved 1048576K
Event: 4352.856 GC heap after
Heap after GC invocations=33 (full 4):
 PSYoungGen      total 441856K, used 106739K [0x00000000d5d00000, 0x00000000fb300000, 0x0000000100000000)
  eden space 334848K, 0% used [0x00000000d5d00000,0x00000000d5d00000,0x00000000ea400000)
  from space 107008K, 99% used [0x00000000eb100000,0x00000000f193ce88,0x00000000f1980000)
  to   space 138752K, 0% used [0x00000000f2b80000,0x00000000f2b80000,0x00000000fb300000)
 ParOldGen       total 173568K, used 56846K [0x0000000081600000, 0x000000008bf80000, 0x00000000d5d00000)
  object space 173568K, 32% used [0x0000000081600000,0x0000000084d83b60,0x000000008bf80000)
 Metaspace       used 156651K, capacity 159086K, committed 160556K, reserved 1189888K
  class space    used 20439K, capacity 21042K, committed 21080K, reserved 1048576K
}
Event: 4353.108 GC heap before
{Heap before GC invocations=34 (full 4):
 PSYoungGen      total 441856K, used 133771K [0x00000000d5d00000, 0x00000000fb300000, 0x0000000100000000)
  eden space 334848K, 8% used [0x00000000d5d00000,0x00000000d77660b8,0x00000000ea400000)
  from space 107008K, 99% used [0x00000000eb100000,0x00000000f193ce88,0x00000000f1980000)
  to   space 138752K, 0% used [0x00000000f2b80000,0x00000000f2b80000,0x00000000fb300000)
 ParOldGen       total 173568K, used 56846K [0x0000000081600000, 0x000000008bf80000, 0x00000000d5d00000)
  object space 173568K, 32% used [0x0000000081600000,0x0000000084d83b60,0x000000008bf80000)
 Metaspace       used 156806K, capacity 159256K, committed 160556K, reserved 1189888K
  class space    used 20458K, capacity 21080K, committed 21080K, reserved 1048576K
Event: 4353.132 GC heap after
Heap after GC invocations=34 (full 4):
 PSYoungGen      total 473088K, used 23172K [0x00000000d5d00000, 0x00000000ffe00000, 0x0000000100000000)
  eden space 334336K, 0% used [0x00000000d5d00000,0x00000000d5d00000,0x00000000ea380000)
  from space 138752K, 16% used [0x00000000f2b80000,0x00000000f42213e8,0x00000000fb300000)
  to   space 139264K, 0% used [0x00000000ea380000,0x00000000ea380000,0x00000000f2b80000)
 ParOldGen       total 173568K, used 56846K [0x0000000081600000, 0x000000008bf80000, 0x00000000d5d00000)
  object space 173568K, 32% used [0x0000000081600000,0x0000000084d83b60,0x000000008bf80000)
 Metaspace       used 156806K, capacity 159256K, committed 160556K, reserved 1189888K
  class space    used 20458K, capacity 21080K, committed 21080K, reserved 1048576K
}
Event: 4353.132 GC heap before
{Heap before GC invocations=35 (full 5):
 PSYoungGen      total 473088K, used 23172K [0x00000000d5d00000, 0x00000000ffe00000, 0x0000000100000000)
  eden space 334336K, 0% used [0x00000000d5d00000,0x00000000d5d00000,0x00000000ea380000)
  from space 138752K, 16% used [0x00000000f2b80000,0x00000000f42213e8,0x00000000fb300000)
  to   space 139264K, 0% used [0x00000000ea380000,0x00000000ea380000,0x00000000f2b80000)
 ParOldGen       total 173568K, used 56846K [0x0000000081600000, 0x000000008bf80000, 0x00000000d5d00000)
  object space 173568K, 32% used [0x0000000081600000,0x0000000084d83b60,0x000000008bf80000)
 Metaspace       used 156806K, capacity 159256K, committed 160556K, reserved 1189888K
  class space    used 20458K, capacity 21080K, committed 21080K, reserved 1048576K
Event: 4353.375 GC heap after
Heap after GC invocations=35 (full 5):
 PSYoungGen      total 473088K, used 0K [0x00000000d5d00000, 0x00000000ffe00000, 0x0000000100000000)
  eden space 334336K, 0% used [0x00000000d5d00000,0x00000000d5d00000,0x00000000ea380000)
  from space 138752K, 0% used [0x00000000f2b80000,0x00000000f2b80000,0x00000000fb300000)
  to   space 139264K, 0% used [0x00000000ea380000,0x00000000ea380000,0x00000000f2b80000)
 ParOldGen       total 165376K, used 45094K [0x0000000081600000, 0x000000008b780000, 0x00000000d5d00000)
  object space 165376K, 27% used [0x0000000081600000,0x0000000084209a80,0x000000008b780000)
 Metaspace       used 127711K, capacity 129274K, committed 154412K, reserved 1183744K
  class space    used 16359K, capacity 16859K, committed 21080K, reserved 1048576K
}

