# JRE version: Java(TM) SE Runtime Environment (8.0_77-b03) (build 1.8.0_77-b03)
# Java VM: Java HotSpot(TM) 64-Bit Server VM (25.77-b03 mixed mode windows-amd64 compressed oops)
Heap:
 PSYoungGen      total 412672K, used 10012K [0x00000000d5d00000, 0x00000000f8a80000, 0x0000000100000000)
  eden space 292864K, 3% used [0x00000000d5d00000,0x00000000d66c70e8,0x00000000e7b00000)
  from space 119808K, 0% used [0x00000000e7b00000,0x00000000e7b00000,0x00000000ef000000)
  to   space 117760K, 0% used [0x00000000f1780000,0x00000000f1780000,0x00000000f8a80000)
 ParOldGen       total 244224K, used 111403K [0x0000000081600000, 0x0000000090480000, 0x00000000d5d00000)
  object space 244224K, 45% used [0x0000000081600000,0x00000000882cafe8,0x0000000090480000)
 Metaspace       used 143997K, capacity 145774K, committed 225216K, reserved 1243136K
  class space    used 18525K, capacity 19082K, committed 31576K, reserved 1048576K
GC Heap History (10 events):
Event: 3137.195 GC heap before
{Heap before GC invocations=49 (full 5):
 PSYoungGen      total 453632K, used 402625K [0x00000000d5d00000, 0x00000000fb300000, 0x0000000100000000)
  eden space 326656K, 100% used [0x00000000d5d00000,0x00000000e9c00000,0x00000000e9c00000)
  from space 126976K, 59% used [0x00000000e9c00000,0x00000000ee6306a8,0x00000000f1800000)
  to   space 121856K, 0% used [0x00000000f3c00000,0x00000000f3c00000,0x00000000fb300000)
 ParOldGen       total 173568K, used 87879K [0x0000000081600000, 0x000000008bf80000, 0x00000000d5d00000)
  object space 173568K, 50% used [0x0000000081600000,0x0000000086bd1c18,0x000000008bf80000)
 Metaspace       used 207723K, capacity 211108K, committed 213080K, reserved 1234944K
  class space    used 27522K, capacity 28403K, committed 28504K, reserved 1048576K
Event: 3137.268 GC heap after
Heap after GC invocations=49 (full 5):
 PSYoungGen      total 378880K, used 62141K [0x00000000d5d00000, 0x00000000f7a80000, 0x0000000100000000)
  eden space 314880K, 0% used [0x00000000d5d00000,0x00000000d5d00000,0x00000000e9080000)
  from space 64000K, 97% used [0x00000000f3c00000,0x00000000f78af750,0x00000000f7a80000)
  to   space 119808K, 0% used [0x00000000e9080000,0x00000000e9080000,0x00000000f0580000)
 ParOldGen       total 173568K, used 89391K [0x0000000081600000, 0x000000008bf80000, 0x00000000d5d00000)
  object space 173568K, 51% used [0x0000000081600000,0x0000000086d4bc28,0x000000008bf80000)
 Metaspace       used 207723K, capacity 211108K, committed 213080K, reserved 1234944K
  class space    used 27522K, capacity 28403K, committed 28504K, reserved 1048576K
}
Event: 3219.327 GC heap before
{Heap before GC invocations=50 (full 5):
 PSYoungGen      total 378880K, used 377021K [0x00000000d5d00000, 0x00000000f7a80000, 0x0000000100000000)
  eden space 314880K, 100% used [0x00000000d5d00000,0x00000000e9080000,0x00000000e9080000)
  from space 64000K, 97% used [0x00000000f3c00000,0x00000000f78af750,0x00000000f7a80000)
  to   space 119808K, 0% used [0x00000000e9080000,0x00000000e9080000,0x00000000f0580000)
 ParOldGen       total 173568K, used 111831K [0x0000000081600000, 0x000000008bf80000, 0x00000000d5d00000)
  object space 173568K, 64% used [0x0000000081600000,0x0000000088335c40,0x000000008bf80000)
 Metaspace       used 216043K, capacity 219556K, committed 221656K, reserved 1241088K
  class space    used 28663K, capacity 29571K, committed 29656K, reserved 1048576K
Event: 3219.380 GC heap after
Heap after GC invocations=50 (full 5):
 PSYoungGen      total 340992K, used 37126K [0x00000000d5d00000, 0x00000000f7380000, 0x0000000100000000)
  eden space 303616K, 0% used [0x00000000d5d00000,0x00000000d5d00000,0x00000000e8580000)
  from space 37376K, 99% used [0x00000000e9080000,0x00000000eb4c1868,0x00000000eb500000)
  to   space 121856K, 0% used [0x00000000efc80000,0x00000000efc80000,0x00000000f7380000)
 ParOldGen       total 173568K, used 115192K [0x0000000081600000, 0x000000008bf80000, 0x00000000d5d00000)
  object space 173568K, 66% used [0x0000000081600000,0x000000008867e0f0,0x000000008bf80000)
 Metaspace       used 216043K, capacity 219556K, committed 221656K, reserved 1241088K
  class space    used 28663K, capacity 29571K, committed 29656K, reserved 1048576K
}
Event: 3262.969 GC heap before
{Heap before GC invocations=51 (full 5):
 PSYoungGen      total 340992K, used 340742K [0x00000000d5d00000, 0x00000000f7380000, 0x0000000100000000)
  eden space 303616K, 100% used [0x00000000d5d00000,0x00000000e8580000,0x00000000e8580000)
  from space 37376K, 99% used [0x00000000e9080000,0x00000000eb4c1868,0x00000000eb500000)
  to   space 121856K, 0% used [0x00000000efc80000,0x00000000efc80000,0x00000000f7380000)
 ParOldGen       total 173568K, used 115192K [0x0000000081600000, 0x000000008bf80000, 0x00000000d5d00000)
  object space 173568K, 66% used [0x0000000081600000,0x000000008867e110,0x000000008bf80000)
 Metaspace       used 222987K, capacity 226640K, committed 228824K, reserved 1247232K
  class space    used 29639K, capacity 30583K, committed 30680K, reserved 1048576K
Event: 3263.066 GC heap after
Heap after GC invocations=51 (full 5):
 PSYoungGen      total 399872K, used 79753K [0x00000000d5d00000, 0x00000000f6500000, 0x0000000100000000)
  eden space 292864K, 0% used [0x00000000d5d00000,0x00000000d5d00000,0x00000000e7b00000)
  from space 107008K, 74% used [0x00000000efc80000,0x00000000f4a62580,0x00000000f6500000)
  to   space 119808K, 0% used [0x00000000e7b00000,0x00000000e7b00000,0x00000000ef000000)
 ParOldGen       total 173568K, used 116090K [0x0000000081600000, 0x000000008bf80000, 0x00000000d5d00000)
  object space 173568K, 66% used [0x0000000081600000,0x000000008875e940,0x000000008bf80000)
 Metaspace       used 222987K, capacity 226640K, committed 228824K, reserved 1247232K
  class space    used 29639K, capacity 30583K, committed 30680K, reserved 1048576K
}
Event: 3267.560 GC heap before
{Heap before GC invocations=52 (full 5):
 PSYoungGen      total 399872K, used 349491K [0x00000000d5d00000, 0x00000000f6500000, 0x0000000100000000)
  eden space 292864K, 92% used [0x00000000d5d00000,0x00000000e646a718,0x00000000e7b00000)
  from space 107008K, 74% used [0x00000000efc80000,0x00000000f4a62580,0x00000000f6500000)
  to   space 119808K, 0% used [0x00000000e7b00000,0x00000000e7b00000,0x00000000ef000000)
 ParOldGen       total 173568K, used 116090K [0x0000000081600000, 0x000000008bf80000, 0x00000000d5d00000)
  object space 173568K, 66% used [0x0000000081600000,0x000000008875e940,0x000000008bf80000)
 Metaspace       used 229814K, capacity 233482K, committed 235456K, reserved 1253376K
  class space    used 30609K, capacity 31557K, committed 31576K, reserved 1048576K
Event: 3267.674 GC heap after
Heap after GC invocations=52 (full 5):
 PSYoungGen      total 412672K, used 79059K [0x00000000d5d00000, 0x00000000f8a80000, 0x0000000100000000)
  eden space 292864K, 0% used [0x00000000d5d00000,0x00000000d5d00000,0x00000000e7b00000)
  from space 119808K, 65% used [0x00000000e7b00000,0x00000000ec834f70,0x00000000ef000000)
  to   space 117760K, 0% used [0x00000000f1780000,0x00000000f1780000,0x00000000f8a80000)
 ParOldGen       total 173568K, used 116098K [0x0000000081600000, 0x000000008bf80000, 0x00000000d5d00000)
  object space 173568K, 66% used [0x0000000081600000,0x0000000088760940,0x000000008bf80000)
 Metaspace       used 229814K, capacity 233482K, committed 235456K, reserved 1253376K
  class space    used 30609K, capacity 31557K, committed 31576K, reserved 1048576K
}
Event: 3267.674 GC heap before
{Heap before GC invocations=53 (full 6):
 PSYoungGen      total 412672K, used 79059K [0x00000000d5d00000, 0x00000000f8a80000, 0x0000000100000000)
  eden space 292864K, 0% used [0x00000000d5d00000,0x00000000d5d00000,0x00000000e7b00000)
  from space 119808K, 65% used [0x00000000e7b00000,0x00000000ec834f70,0x00000000ef000000)
  to   space 117760K, 0% used [0x00000000f1780000,0x00000000f1780000,0x00000000f8a80000)
 ParOldGen       total 173568K, used 116098K [0x0000000081600000, 0x000000008bf80000, 0x00000000d5d00000)
  object space 173568K, 66% used [0x0000000081600000,0x0000000088760940,0x000000008bf80000)
 Metaspace       used 229814K, capacity 233482K, committed 235456K, reserved 1253376K
  class space    used 30609K, capacity 31557K, committed 31576K, reserved 1048576K
Event: 3268.077 GC heap after
Heap after GC invocations=53 (full 6):
 PSYoungGen      total 412672K, used 0K [0x00000000d5d00000, 0x00000000f8a80000, 0x0000000100000000)
  eden space 292864K, 0% used [0x00000000d5d00000,0x00000000d5d00000,0x00000000e7b00000)
  from space 119808K, 0% used [0x00000000e7b00000,0x00000000e7b00000,0x00000000ef000000)
  to   space 117760K, 0% used [0x00000000f1780000,0x00000000f1780000,0x00000000f8a80000)
 ParOldGen       total 244224K, used 111403K [0x0000000081600000, 0x0000000090480000, 0x00000000d5d00000)
  object space 244224K, 45% used [0x0000000081600000,0x00000000882cafe8,0x0000000090480000)
 Metaspace       used 143962K, capacity 145608K, committed 225216K, reserved 1243136K
  class space    used 18520K, capacity 19048K, committed 31576K, reserved 1048576K
}

